2025-12-12T01:32:00.424+05:30  INFO 8160 --- [yavij-express] [main] c.yavijexpress.YavijExpressApplication   : Starting YavijExpressApplication using Java 24.0.2 with PID 8160 (C:\yavijexpress\yavijexpress\yavijexpress\target\classes started by Dell in C:\yavijexpress)
2025-12-12T01:32:00.429+05:30 DEBUG 8160 --- [yavij-express] [main] c.yavijexpress.YavijExpressApplication   : Running with Spring Boot v3.2.0, Spring v6.1.1
2025-12-12T01:32:00.431+05:30  INFO 8160 --- [yavij-express] [main] c.yavijexpress.YavijExpressApplication   : No active profile set, falling back to 1 default profile: "default"
2025-12-12T01:32:04.507+05:30  INFO 8160 --- [yavij-express] [main] .s.d.r.c.RepositoryConfigurationDelegate : Bootstrapping Spring Data JPA repositories in DEFAULT mode.
2025-12-12T01:32:04.810+05:30  INFO 8160 --- [yavij-express] [main] .s.d.r.c.RepositoryConfigurationDelegate : Finished Spring Data repository scanning in 269 ms. Found 10 JPA repository interfaces.
2025-12-12T01:32:07.027+05:30  INFO 8160 --- [yavij-express] [main] o.s.b.w.embedded.tomcat.TomcatWebServer  : Tomcat initialized with port 8080 (http)
2025-12-12T01:32:07.062+05:30  INFO 8160 --- [yavij-express] [main] o.apache.catalina.core.StandardService   : Starting service [Tomcat]
2025-12-12T01:32:07.062+05:30  INFO 8160 --- [yavij-express] [main] o.apache.catalina.core.StandardEngine    : Starting Servlet engine: [Apache Tomcat/10.1.16]
2025-12-12T01:32:07.172+05:30  INFO 8160 --- [yavij-express] [main] o.a.c.c.C.[Tomcat].[localhost].[/]       : Initializing Spring embedded WebApplicationContext
2025-12-12T01:32:07.172+05:30  INFO 8160 --- [yavij-express] [main] w.s.c.ServletWebServerApplicationContext : Root WebApplicationContext: initialization completed in 6592 ms
2025-12-12T01:32:07.591+05:30  INFO 8160 --- [yavij-express] [main] o.hibernate.jpa.internal.util.LogHelper  : HHH000204: Processing PersistenceUnitInfo [name: default]
2025-12-12T01:32:07.826+05:30  INFO 8160 --- [yavij-express] [main] org.hibernate.Version                    : HHH000412: Hibernate ORM core version 6.3.1.Final
2025-12-12T01:32:07.912+05:30  INFO 8160 --- [yavij-express] [main] o.h.c.internal.RegionFactoryInitiator    : HHH000026: Second-level cache disabled
2025-12-12T01:32:08.552+05:30  INFO 8160 --- [yavij-express] [main] o.s.o.j.p.SpringPersistenceUnitInfo      : No LoadTimeWeaver setup: ignoring JPA class transformer
2025-12-12T01:32:08.629+05:30  INFO 8160 --- [yavij-express] [main] com.zaxxer.hikari.HikariDataSource       : HikariPool-1 - Starting...
2025-12-12T01:32:09.103+05:30  INFO 8160 --- [yavij-express] [main] com.zaxxer.hikari.pool.HikariPool        : HikariPool-1 - Added connection com.mysql.cj.jdbc.ConnectionImpl@2eb6d34a
2025-12-12T01:32:09.106+05:30  INFO 8160 --- [yavij-express] [main] com.zaxxer.hikari.HikariDataSource       : HikariPool-1 - Start completed.
2025-12-12T01:32:09.241+05:30  WARN 8160 --- [yavij-express] [main] org.hibernate.orm.deprecation            : HHH90000025: MySQL8Dialect does not need to be specified explicitly using 'hibernate.dialect' (remove the property setting and it will be selected by default)
2025-12-12T01:32:09.243+05:30  WARN 8160 --- [yavij-express] [main] org.hibernate.orm.deprecation            : HHH90000026: MySQL8Dialect has been deprecated; use org.hibernate.dialect.MySQLDialect instead
2025-12-12T01:32:11.459+05:30  INFO 8160 --- [yavij-express] [main] o.h.e.t.j.p.i.JtaPlatformInitiator       : HHH000489: No JTA platform available (set 'hibernate.transaction.jta.platform' to enable JTA platform integration)
2025-12-12T01:32:11.834+05:30  INFO 8160 --- [yavij-express] [main] j.LocalContainerEntityManagerFactoryBean : Initialized JPA EntityManagerFactory for persistence unit 'default'
2025-12-12T01:32:12.446+05:30  INFO 8160 --- [yavij-express] [main] o.s.d.j.r.query.QueryEnhancerFactory     : Hibernate is in classpath; If applicable, HQL parser will be used.
2025-12-12T01:32:13.528+05:30 DEBUG 8160 --- [yavij-express] [main] c.y.security.JwtAuthenticationFilter     : Filter 'jwtAuthenticationFilter' configured for use
2025-12-12T01:32:13.865+05:30  WARN 8160 --- [yavij-express] [main] ion$DefaultTemplateResolverConfiguration : Cannot find template location: classpath:/templates/ (please add some templates, check your Thymeleaf configuration, or set spring.thymeleaf.check-template-location=false)
2025-12-12T01:32:14.865+05:30  WARN 8160 --- [yavij-express] [main] JpaBaseConfiguration$JpaWebConfiguration : spring.jpa.open-in-view is enabled by default. Therefore, database queries may be performed during view rendering. Explicitly configure spring.jpa.open-in-view to disable this warning
2025-12-12T01:32:15.447+05:30  INFO 8160 --- [yavij-express] [main] o.s.s.web.DefaultSecurityFilterChain     : Will secure any request with [org.springframework.security.web.session.DisableEncodeUrlFilter@720bf74d, org.springframework.security.web.context.request.async.WebAsyncManagerIntegrationFilter@19146ad8, org.springframework.security.web.context.SecurityContextHolderFilter@772a370d, org.springframework.security.web.header.HeaderWriterFilter@61906bb1, org.springframework.web.filter.CorsFilter@77e0b681, org.springframework.security.web.authentication.logout.LogoutFilter@edf68f5, com.yavijexpress.security.JwtAuthenticationFilter@68330024, org.springframework.security.web.savedrequest.RequestCacheAwareFilter@7e4f42c0, org.springframework.security.web.servletapi.SecurityContextHolderAwareRequestFilter@22265a8d, org.springframework.security.web.authentication.AnonymousAuthenticationFilter@cdf3ee2, org.springframework.security.web.session.SessionManagementFilter@48dbf9d, org.springframework.security.web.access.ExceptionTranslationFilter@579e8a7, org.springframework.security.web.access.intercept.AuthorizationFilter@5337a5ae]
2025-12-12T01:32:16.113+05:30  INFO 8160 --- [yavij-express] [main] o.s.b.w.embedded.tomcat.TomcatWebServer  : Tomcat started on port 8080 (http) with context path ''
2025-12-12T01:32:16.126+05:30  INFO 8160 --- [yavij-express] [main] c.yavijexpress.YavijExpressApplication   : Started YavijExpressApplication in 16.757 seconds (process running for 18.771)
2025-12-12T01:33:10.415+05:30  INFO 8160 --- [yavij-express] [http-nio-8080-exec-1] o.a.c.c.C.[Tomcat].[localhost].[/]       : Initializing Spring DispatcherServlet 'dispatcherServlet'
2025-12-12T01:33:10.417+05:30  INFO 8160 --- [yavij-express] [http-nio-8080-exec-1] o.s.web.servlet.DispatcherServlet        : Initializing Servlet 'dispatcherServlet'
2025-12-12T01:33:10.421+05:30  INFO 8160 --- [yavij-express] [http-nio-8080-exec-1] o.s.web.servlet.DispatcherServlet        : Completed initialization in 3 ms
2025-12-12T01:33:10.544+05:30 DEBUG 8160 --- [yavij-express] [http-nio-8080-exec-2] com.yavijexpress.utils.SMSServiceImpl    : Processing request: POST /api/auth/login
2025-12-12T01:33:10.556+05:30  WARN 8160 --- [yavij-express] [http-nio-8080-exec-2] o.s.w.s.h.HandlerMappingIntrospector     : Cache miss for REQUEST dispatch to '/api/auth/login' (previous null). Performing MatchableHandlerMapping lookup. This is logged once only at WARN level, and every time at TRACE.
2025-12-12T01:33:12.562+05:30 DEBUG 8160 --- [yavij-express] [http-nio-8080-exec-7] com.yavijexpress.utils.SMSServiceImpl    : Processing request: GET /api/admin/dashboard/stats
2025-12-12T01:33:12.565+05:30 DEBUG 8160 --- [yavij-express] [http-nio-8080-exec-8] com.yavijexpress.utils.SMSServiceImpl    : Processing request: GET /api/admin/users
2025-12-12T01:33:12.642+05:30 DEBUG 8160 --- [yavij-express] [http-nio-8080-exec-8] com.yavijexpress.utils.SMSServiceImpl    : Authenticated user: admin@yavij.com for /api/admin/users
2025-12-12T01:33:12.653+05:30 DEBUG 8160 --- [yavij-express] [http-nio-8080-exec-7] com.yavijexpress.utils.SMSServiceImpl    : Authenticated user: admin@yavij.com for /api/admin/dashboard/stats
2025-12-12T01:33:12.721+05:30 DEBUG 8160 --- [yavij-express] [http-nio-8080-exec-9] com.yavijexpress.utils.SMSServiceImpl    : Processing request: GET /api/admin/dashboard/stats
2025-12-12T01:33:12.771+05:30 DEBUG 8160 --- [yavij-express] [http-nio-8080-exec-9] com.yavijexpress.utils.SMSServiceImpl    : Authenticated user: admin@yavij.com for /api/admin/dashboard/stats
2025-12-12T01:33:12.873+05:30 DEBUG 8160 --- [yavij-express] [http-nio-8080-exec-10] com.yavijexpress.utils.SMSServiceImpl    : Processing request: GET /api/admin/users
2025-12-12T01:33:12.899+05:30 DEBUG 8160 --- [yavij-express] [http-nio-8080-exec-10] com.yavijexpress.utils.SMSServiceImpl    : Authenticated user: admin@yavij.com for /api/admin/users
2025-12-12T01:33:51.830+05:30 DEBUG 8160 --- [yavij-express] [http-nio-8080-exec-7] com.yavijexpress.utils.SMSServiceImpl    : Processing request: GET /api/notifications
2025-12-12T01:33:51.852+05:30 DEBUG 8160 --- [yavij-express] [http-nio-8080-exec-7] com.yavijexpress.utils.SMSServiceImpl    : Authenticated user: admin@yavij.com for /api/notifications
2025-12-12T01:33:51.907+05:30 DEBUG 8160 --- [yavij-express] [http-nio-8080-exec-9] com.yavijexpress.utils.SMSServiceImpl    : Processing request: GET /api/notifications
2025-12-12T01:33:51.927+05:30 DEBUG 8160 --- [yavij-express] [http-nio-8080-exec-9] com.yavijexpress.utils.SMSServiceImpl    : Authenticated user: admin@yavij.com for /api/notifications
2025-12-12T01:33:54.201+05:30 DEBUG 8160 --- [yavij-express] [http-nio-8080-exec-10] com.yavijexpress.utils.SMSServiceImpl    : Processing request: POST /api/notifications/read-all
2025-12-12T01:33:54.220+05:30 DEBUG 8160 --- [yavij-express] [http-nio-8080-exec-10] com.yavijexpress.utils.SMSServiceImpl    : Authenticated user: admin@yavij.com for /api/notifications/read-all
2025-12-12T01:33:54.268+05:30 DEBUG 8160 --- [yavij-express] [http-nio-8080-exec-3] com.yavijexpress.utils.SMSServiceImpl    : Processing request: GET /api/notifications
2025-12-12T01:33:54.283+05:30 DEBUG 8160 --- [yavij-express] [http-nio-8080-exec-3] com.yavijexpress.utils.SMSServiceImpl    : Authenticated user: admin@yavij.com for /api/notifications
2025-12-12T01:35:07.330+05:30 DEBUG 8160 --- [yavij-express] [http-nio-8080-exec-2] com.yavijexpress.utils.SMSServiceImpl    : Processing request: POST /api/notifications/read-all
2025-12-12T01:35:07.354+05:30 DEBUG 8160 --- [yavij-express] [http-nio-8080-exec-2] com.yavijexpress.utils.SMSServiceImpl    : Authenticated user: admin@yavij.com for /api/notifications/read-all
2025-12-12T01:35:07.391+05:30 DEBUG 8160 --- [yavij-express] [http-nio-8080-exec-5] com.yavijexpress.utils.SMSServiceImpl    : Processing request: GET /api/notifications
2025-12-12T01:35:07.415+05:30 DEBUG 8160 --- [yavij-express] [http-nio-8080-exec-5] com.yavijexpress.utils.SMSServiceImpl    : Authenticated user: admin@yavij.com for /api/notifications
2025-12-12T01:35:08.484+05:30 DEBUG 8160 --- [yavij-express] [http-nio-8080-exec-6] com.yavijexpress.utils.SMSServiceImpl    : Processing request: POST /api/notifications/read-all
2025-12-12T01:35:08.508+05:30 DEBUG 8160 --- [yavij-express] [http-nio-8080-exec-6] com.yavijexpress.utils.SMSServiceImpl    : Authenticated user: admin@yavij.com for /api/notifications/read-all
2025-12-12T01:35:08.536+05:30 DEBUG 8160 --- [yavij-express] [http-nio-8080-exec-7] com.yavijexpress.utils.SMSServiceImpl    : Processing request: GET /api/notifications
2025-12-12T01:35:08.554+05:30 DEBUG 8160 --- [yavij-express] [http-nio-8080-exec-7] com.yavijexpress.utils.SMSServiceImpl    : Authenticated user: admin@yavij.com for /api/notifications
2025-12-12T01:35:11.508+05:30 DEBUG 8160 --- [yavij-express] [http-nio-8080-exec-9] com.yavijexpress.utils.SMSServiceImpl    : Processing request: DELETE /api/notifications
2025-12-12T01:35:11.536+05:30 DEBUG 8160 --- [yavij-express] [http-nio-8080-exec-9] com.yavijexpress.utils.SMSServiceImpl    : Authenticated user: admin@yavij.com for /api/notifications
2025-12-12T01:35:11.580+05:30 DEBUG 8160 --- [yavij-express] [http-nio-8080-exec-8] com.yavijexpress.utils.SMSServiceImpl    : Processing request: GET /api/notifications
2025-12-12T01:35:11.602+05:30 DEBUG 8160 --- [yavij-express] [http-nio-8080-exec-8] com.yavijexpress.utils.SMSServiceImpl    : Authenticated user: admin@yavij.com for /api/notifications
2025-12-12T01:35:13.565+05:30 DEBUG 8160 --- [yavij-express] [http-nio-8080-exec-10] com.yavijexpress.utils.SMSServiceImpl    : Processing request: GET /api/notifications
2025-12-12T01:35:13.581+05:30 DEBUG 8160 --- [yavij-express] [http-nio-8080-exec-10] com.yavijexpress.utils.SMSServiceImpl    : Authenticated user: admin@yavij.com for /api/notifications
2025-12-12T01:38:03.684+05:30 DEBUG 8160 --- [yavij-express] [http-nio-8080-exec-1] com.yavijexpress.utils.SMSServiceImpl    : Processing request: POST /api/auth/login
2025-12-12T01:38:04.675+05:30 DEBUG 8160 --- [yavij-express] [http-nio-8080-exec-2] com.yavijexpress.utils.SMSServiceImpl    : Processing request: GET /api/admin/dashboard/stats
2025-12-12T01:38:04.681+05:30 DEBUG 8160 --- [yavij-express] [http-nio-8080-exec-5] com.yavijexpress.utils.SMSServiceImpl    : Processing request: GET /api/admin/users
2025-12-12T01:38:04.712+05:30 DEBUG 8160 --- [yavij-express] [http-nio-8080-exec-2] com.yavijexpress.utils.SMSServiceImpl    : Authenticated user: admin@yavij.com for /api/admin/dashboard/stats
2025-12-12T01:38:04.718+05:30 DEBUG 8160 --- [yavij-express] [http-nio-8080-exec-5] com.yavijexpress.utils.SMSServiceImpl    : Authenticated user: admin@yavij.com for /api/admin/users
2025-12-12T01:38:04.757+05:30 DEBUG 8160 --- [yavij-express] [http-nio-8080-exec-6] com.yavijexpress.utils.SMSServiceImpl    : Processing request: GET /api/admin/dashboard/stats
2025-12-12T01:38:04.776+05:30 DEBUG 8160 --- [yavij-express] [http-nio-8080-exec-6] com.yavijexpress.utils.SMSServiceImpl    : Authenticated user: admin@yavij.com for /api/admin/dashboard/stats
2025-12-12T01:38:04.804+05:30 DEBUG 8160 --- [yavij-express] [http-nio-8080-exec-5] com.yavijexpress.utils.SMSServiceImpl    : Processing request: GET /api/admin/users
2025-12-12T01:38:04.832+05:30 DEBUG 8160 --- [yavij-express] [http-nio-8080-exec-5] com.yavijexpress.utils.SMSServiceImpl    : Authenticated user: admin@yavij.com for /api/admin/users
2025-12-12T01:38:08.311+05:30 DEBUG 8160 --- [yavij-express] [http-nio-8080-exec-9] com.yavijexpress.utils.SMSServiceImpl    : Processing request: GET /api/notifications
2025-12-12T01:38:08.332+05:30 DEBUG 8160 --- [yavij-express] [http-nio-8080-exec-9] com.yavijexpress.utils.SMSServiceImpl    : Authenticated user: admin@yavij.com for /api/notifications
2025-12-12T01:38:08.446+05:30 DEBUG 8160 --- [yavij-express] [http-nio-8080-exec-9] com.yavijexpress.utils.SMSServiceImpl    : Processing request: GET /api/notifications
2025-12-12T01:38:08.464+05:30 DEBUG 8160 --- [yavij-express] [http-nio-8080-exec-9] com.yavijexpress.utils.SMSServiceImpl    : Authenticated user: admin@yavij.com for /api/notifications
2025-12-12T01:38:13.881+05:30 DEBUG 8160 --- [yavij-express] [http-nio-8080-exec-2] com.yavijexpress.utils.SMSServiceImpl    : Processing request: POST /api/notifications/1/read
2025-12-12T01:38:13.952+05:30 DEBUG 8160 --- [yavij-express] [http-nio-8080-exec-2] com.yavijexpress.utils.SMSServiceImpl    : Authenticated user: admin@yavij.com for /api/notifications/1/read
2025-12-12T01:38:14.578+05:30 DEBUG 8160 --- [yavij-express] [http-nio-8080-exec-6] com.yavijexpress.utils.SMSServiceImpl    : Processing request: GET /api/notifications
2025-12-12T01:38:14.608+05:30 DEBUG 8160 --- [yavij-express] [http-nio-8080-exec-6] com.yavijexpress.utils.SMSServiceImpl    : Authenticated user: admin@yavij.com for /api/notifications
2025-12-12T01:38:17.095+05:30 DEBUG 8160 --- [yavij-express] [http-nio-8080-exec-8] com.yavijexpress.utils.SMSServiceImpl    : Processing request: DELETE /api/notifications/1
2025-12-12T01:38:17.120+05:30 DEBUG 8160 --- [yavij-express] [http-nio-8080-exec-8] com.yavijexpress.utils.SMSServiceImpl    : Authenticated user: admin@yavij.com for /api/notifications/1
2025-12-12T01:38:17.481+05:30 DEBUG 8160 --- [yavij-express] [http-nio-8080-exec-9] com.yavijexpress.utils.SMSServiceImpl    : Processing request: GET /api/notifications
2025-12-12T01:38:17.575+05:30 DEBUG 8160 --- [yavij-express] [http-nio-8080-exec-9] com.yavijexpress.utils.SMSServiceImpl    : Authenticated user: admin@yavij.com for /api/notifications
2025-12-12T01:42:27.748+05:30 DEBUG 8160 --- [yavij-express] [http-nio-8080-exec-4] com.yavijexpress.utils.SMSServiceImpl    : Processing request: GET /api/auth/profile
2025-12-12T01:42:28.064+05:30 DEBUG 8160 --- [yavij-express] [http-nio-8080-exec-1] com.yavijexpress.utils.SMSServiceImpl    : Processing request: GET /api/auth/profile
2025-12-12T01:42:36.779+05:30 DEBUG 8160 --- [yavij-express] [http-nio-8080-exec-2] com.yavijexpress.utils.SMSServiceImpl    : Processing request: GET /api/admin/dashboard/stats
2025-12-12T01:42:36.780+05:30 DEBUG 8160 --- [yavij-express] [http-nio-8080-exec-6] com.yavijexpress.utils.SMSServiceImpl    : Processing request: GET /api/admin/users
2025-12-12T01:42:36.938+05:30 DEBUG 8160 --- [yavij-express] [http-nio-8080-exec-2] com.yavijexpress.utils.SMSServiceImpl    : Authenticated user: admin@yavij.com for /api/admin/dashboard/stats
2025-12-12T01:42:36.938+05:30 DEBUG 8160 --- [yavij-express] [http-nio-8080-exec-6] com.yavijexpress.utils.SMSServiceImpl    : Authenticated user: admin@yavij.com for /api/admin/users
2025-12-12T01:42:36.972+05:30 DEBUG 8160 --- [yavij-express] [http-nio-8080-exec-7] com.yavijexpress.utils.SMSServiceImpl    : Processing request: GET /api/admin/dashboard/stats
2025-12-12T01:42:36.992+05:30 DEBUG 8160 --- [yavij-express] [http-nio-8080-exec-5] com.yavijexpress.utils.SMSServiceImpl    : Processing request: GET /api/admin/users
2025-12-12T01:42:37.000+05:30 DEBUG 8160 --- [yavij-express] [http-nio-8080-exec-7] com.yavijexpress.utils.SMSServiceImpl    : Authenticated user: admin@yavij.com for /api/admin/dashboard/stats
2025-12-12T01:42:37.023+05:30 DEBUG 8160 --- [yavij-express] [http-nio-8080-exec-5] com.yavijexpress.utils.SMSServiceImpl    : Authenticated user: admin@yavij.com for /api/admin/users
2025-12-12T01:42:39.732+05:30 DEBUG 8160 --- [yavij-express] [http-nio-8080-exec-8] com.yavijexpress.utils.SMSServiceImpl    : Processing request: GET /api/auth/profile
2025-12-12T01:42:39.744+05:30 DEBUG 8160 --- [yavij-express] [http-nio-8080-exec-8] com.yavijexpress.utils.SMSServiceImpl    : Processing request: GET /api/auth/profile
2025-12-12T01:45:01.830+05:30  INFO 8160 --- [yavij-express] [SpringApplicationShutdownHook] j.LocalContainerEntityManagerFactoryBean : Closing JPA EntityManagerFactory for persistence unit 'default'
2025-12-12T01:45:01.892+05:30  INFO 8160 --- [yavij-express] [SpringApplicationShutdownHook] com.zaxxer.hikari.HikariDataSource       : HikariPool-1 - Shutdown initiated...
2025-12-12T01:45:01.971+05:30  INFO 8160 --- [yavij-express] [SpringApplicationShutdownHook] com.zaxxer.hikari.HikariDataSource       : HikariPool-1 - Shutdown completed.
2025-12-12T01:45:16.631+05:30  INFO 20156 --- [yavij-express] [main] c.yavijexpress.YavijExpressApplication   : Starting YavijExpressApplication using Java 24.0.2 with PID 20156 (C:\yavijexpress\yavijexpress\yavijexpress\target\classes started by Dell in C:\yavijexpress)
2025-12-12T01:45:16.634+05:30 DEBUG 20156 --- [yavij-express] [main] c.yavijexpress.YavijExpressApplication   : Running with Spring Boot v3.2.0, Spring v6.1.1
2025-12-12T01:45:16.636+05:30  INFO 20156 --- [yavij-express] [main] c.yavijexpress.YavijExpressApplication   : No active profile set, falling back to 1 default profile: "default"
2025-12-12T01:45:18.928+05:30  INFO 20156 --- [yavij-express] [main] .s.d.r.c.RepositoryConfigurationDelegate : Bootstrapping Spring Data JPA repositories in DEFAULT mode.
2025-12-12T01:45:19.113+05:30  INFO 20156 --- [yavij-express] [main] .s.d.r.c.RepositoryConfigurationDelegate : Finished Spring Data repository scanning in 163 ms. Found 10 JPA repository interfaces.
2025-12-12T01:45:20.928+05:30  INFO 20156 --- [yavij-express] [main] o.s.b.w.embedded.tomcat.TomcatWebServer  : Tomcat initialized with port 8080 (http)
2025-12-12T01:45:20.962+05:30  INFO 20156 --- [yavij-express] [main] o.apache.catalina.core.StandardService   : Starting service [Tomcat]
2025-12-12T01:45:20.963+05:30  INFO 20156 --- [yavij-express] [main] o.apache.catalina.core.StandardEngine    : Starting Servlet engine: [Apache Tomcat/10.1.16]
2025-12-12T01:45:21.152+05:30  INFO 20156 --- [yavij-express] [main] o.a.c.c.C.[Tomcat].[localhost].[/]       : Initializing Spring embedded WebApplicationContext
2025-12-12T01:45:21.153+05:30  INFO 20156 --- [yavij-express] [main] w.s.c.ServletWebServerApplicationContext : Root WebApplicationContext: initialization completed in 4351 ms
2025-12-12T01:45:21.478+05:30  INFO 20156 --- [yavij-express] [main] o.hibernate.jpa.internal.util.LogHelper  : HHH000204: Processing PersistenceUnitInfo [name: default]
2025-12-12T01:45:21.673+05:30  INFO 20156 --- [yavij-express] [main] org.hibernate.Version                    : HHH000412: Hibernate ORM core version 6.3.1.Final
2025-12-12T01:45:21.794+05:30  INFO 20156 --- [yavij-express] [main] o.h.c.internal.RegionFactoryInitiator    : HHH000026: Second-level cache disabled
2025-12-12T01:45:22.421+05:30  INFO 20156 --- [yavij-express] [main] o.s.o.j.p.SpringPersistenceUnitInfo      : No LoadTimeWeaver setup: ignoring JPA class transformer
2025-12-12T01:45:22.480+05:30  INFO 20156 --- [yavij-express] [main] com.zaxxer.hikari.HikariDataSource       : HikariPool-1 - Starting...
2025-12-12T01:45:22.940+05:30  INFO 20156 --- [yavij-express] [main] com.zaxxer.hikari.pool.HikariPool        : HikariPool-1 - Added connection com.mysql.cj.jdbc.ConnectionImpl@60ed0b9d
2025-12-12T01:45:22.943+05:30  INFO 20156 --- [yavij-express] [main] com.zaxxer.hikari.HikariDataSource       : HikariPool-1 - Start completed.
2025-12-12T01:45:23.050+05:30  WARN 20156 --- [yavij-express] [main] org.hibernate.orm.deprecation            : HHH90000025: MySQL8Dialect does not need to be specified explicitly using 'hibernate.dialect' (remove the property setting and it will be selected by default)
2025-12-12T01:45:23.051+05:30  WARN 20156 --- [yavij-express] [main] org.hibernate.orm.deprecation            : HHH90000026: MySQL8Dialect has been deprecated; use org.hibernate.dialect.MySQLDialect instead
2025-12-12T01:45:25.224+05:30  INFO 20156 --- [yavij-express] [main] o.h.e.t.j.p.i.JtaPlatformInitiator       : HHH000489: No JTA platform available (set 'hibernate.transaction.jta.platform' to enable JTA platform integration)
2025-12-12T01:45:25.651+05:30  INFO 20156 --- [yavij-express] [main] j.LocalContainerEntityManagerFactoryBean : Initialized JPA EntityManagerFactory for persistence unit 'default'
2025-12-12T01:45:26.337+05:30  INFO 20156 --- [yavij-express] [main] o.s.d.j.r.query.QueryEnhancerFactory     : Hibernate is in classpath; If applicable, HQL parser will be used.
2025-12-12T01:45:27.515+05:30 DEBUG 20156 --- [yavij-express] [main] c.y.security.JwtAuthenticationFilter     : Filter 'jwtAuthenticationFilter' configured for use
2025-12-12T01:45:27.928+05:30  WARN 20156 --- [yavij-express] [main] ion$DefaultTemplateResolverConfiguration : Cannot find template location: classpath:/templates/ (please add some templates, check your Thymeleaf configuration, or set spring.thymeleaf.check-template-location=false)
2025-12-12T01:45:29.026+05:30  WARN 20156 --- [yavij-express] [main] JpaBaseConfiguration$JpaWebConfiguration : spring.jpa.open-in-view is enabled by default. Therefore, database queries may be performed during view rendering. Explicitly configure spring.jpa.open-in-view to disable this warning
2025-12-12T01:45:29.827+05:30  INFO 20156 --- [yavij-express] [main] o.s.s.web.DefaultSecurityFilterChain     : Will secure any request with [org.springframework.security.web.session.DisableEncodeUrlFilter@4a244aa3, org.springframework.security.web.context.request.async.WebAsyncManagerIntegrationFilter@3f491bd2, org.springframework.security.web.context.SecurityContextHolderFilter@1e275478, org.springframework.security.web.header.HeaderWriterFilter@70b2de98, org.springframework.web.filter.CorsFilter@74947f2b, org.springframework.security.web.authentication.logout.LogoutFilter@62910d16, com.yavijexpress.security.JwtAuthenticationFilter@5c452e69, org.springframework.security.web.savedrequest.RequestCacheAwareFilter@399dc033, org.springframework.security.web.servletapi.SecurityContextHolderAwareRequestFilter@6ffc12a3, org.springframework.security.web.authentication.AnonymousAuthenticationFilter@1b74dd88, org.springframework.security.web.session.SessionManagementFilter@24cf1abf, org.springframework.security.web.access.ExceptionTranslationFilter@33c9910e, org.springframework.security.web.access.intercept.AuthorizationFilter@1f94df5]
2025-12-12T01:45:30.636+05:30  INFO 20156 --- [yavij-express] [main] o.s.b.w.embedded.tomcat.TomcatWebServer  : Tomcat started on port 8080 (http) with context path ''
2025-12-12T01:45:30.658+05:30  INFO 20156 --- [yavij-express] [main] c.yavijexpress.YavijExpressApplication   : Started YavijExpressApplication in 15.004 seconds (process running for 16.599)
2025-12-12T01:45:40.526+05:30  INFO 20156 --- [yavij-express] [http-nio-8080-exec-1] o.a.c.c.C.[Tomcat].[localhost].[/]       : Initializing Spring DispatcherServlet 'dispatcherServlet'
2025-12-12T01:45:40.528+05:30  INFO 20156 --- [yavij-express] [http-nio-8080-exec-1] o.s.web.servlet.DispatcherServlet        : Initializing Servlet 'dispatcherServlet'
2025-12-12T01:45:40.530+05:30  INFO 20156 --- [yavij-express] [http-nio-8080-exec-1] o.s.web.servlet.DispatcherServlet        : Completed initialization in 2 ms
2025-12-12T01:45:40.604+05:30 DEBUG 20156 --- [yavij-express] [http-nio-8080-exec-1] com.yavijexpress.utils.SMSServiceImpl    : Processing request: POST /api/auth/login
2025-12-12T01:45:40.614+05:30  WARN 20156 --- [yavij-express] [http-nio-8080-exec-1] o.s.w.s.h.HandlerMappingIntrospector     : Cache miss for REQUEST dispatch to '/api/auth/login' (previous null). Performing MatchableHandlerMapping lookup. This is logged once only at WARN level, and every time at TRACE.
2025-12-12T01:45:42.504+05:30 DEBUG 20156 --- [yavij-express] [http-nio-8080-exec-2] com.yavijexpress.utils.SMSServiceImpl    : Processing request: GET /api/admin/dashboard/stats
2025-12-12T01:45:42.509+05:30 DEBUG 20156 --- [yavij-express] [http-nio-8080-exec-3] com.yavijexpress.utils.SMSServiceImpl    : Processing request: GET /api/admin/users
2025-12-12T01:45:42.610+05:30 DEBUG 20156 --- [yavij-express] [http-nio-8080-exec-3] com.yavijexpress.utils.SMSServiceImpl    : Authenticated user: admin@yavij.com for /api/admin/users
2025-12-12T01:45:42.614+05:30 DEBUG 20156 --- [yavij-express] [http-nio-8080-exec-2] com.yavijexpress.utils.SMSServiceImpl    : Authenticated user: admin@yavij.com for /api/admin/dashboard/stats
2025-12-12T01:45:42.668+05:30 DEBUG 20156 --- [yavij-express] [http-nio-8080-exec-4] com.yavijexpress.utils.SMSServiceImpl    : Processing request: GET /api/admin/dashboard/stats
2025-12-12T01:45:42.688+05:30 DEBUG 20156 --- [yavij-express] [http-nio-8080-exec-4] com.yavijexpress.utils.SMSServiceImpl    : Authenticated user: admin@yavij.com for /api/admin/dashboard/stats
2025-12-12T01:45:42.768+05:30 DEBUG 20156 --- [yavij-express] [http-nio-8080-exec-6] com.yavijexpress.utils.SMSServiceImpl    : Processing request: GET /api/admin/users
2025-12-12T01:45:42.793+05:30 DEBUG 20156 --- [yavij-express] [http-nio-8080-exec-6] com.yavijexpress.utils.SMSServiceImpl    : Authenticated user: admin@yavij.com for /api/admin/users
2025-12-12T01:45:45.586+05:30 DEBUG 20156 --- [yavij-express] [http-nio-8080-exec-5] com.yavijexpress.utils.SMSServiceImpl    : Processing request: GET /api/auth/profile
2025-12-12T01:45:45.620+05:30 DEBUG 20156 --- [yavij-express] [http-nio-8080-exec-7] com.yavijexpress.utils.SMSServiceImpl    : Processing request: GET /api/auth/profile
2025-12-12T01:48:25.912+05:30 DEBUG 20156 --- [yavij-express] [http-nio-8080-exec-1] com.yavijexpress.utils.SMSServiceImpl    : Processing request: POST /api/auth/login
2025-12-12T01:48:27.025+05:30 DEBUG 20156 --- [yavij-express] [http-nio-8080-exec-4] com.yavijexpress.utils.SMSServiceImpl    : Processing request: GET /api/admin/users
2025-12-12T01:48:27.039+05:30 DEBUG 20156 --- [yavij-express] [http-nio-8080-exec-2] com.yavijexpress.utils.SMSServiceImpl    : Processing request: GET /api/admin/dashboard/stats
2025-12-12T01:48:27.089+05:30 DEBUG 20156 --- [yavij-express] [http-nio-8080-exec-4] com.yavijexpress.utils.SMSServiceImpl    : Authenticated user: admin@yavij.com for /api/admin/users
2025-12-12T01:48:27.375+05:30 DEBUG 20156 --- [yavij-express] [http-nio-8080-exec-2] com.yavijexpress.utils.SMSServiceImpl    : Authenticated user: admin@yavij.com for /api/admin/dashboard/stats
2025-12-12T01:48:27.672+05:30 DEBUG 20156 --- [yavij-express] [http-nio-8080-exec-3] com.yavijexpress.utils.SMSServiceImpl    : Processing request: GET /api/admin/dashboard/stats
2025-12-12T01:48:27.718+05:30 DEBUG 20156 --- [yavij-express] [http-nio-8080-exec-6] com.yavijexpress.utils.SMSServiceImpl    : Processing request: GET /api/admin/users
2025-12-12T01:48:27.780+05:30 DEBUG 20156 --- [yavij-express] [http-nio-8080-exec-3] com.yavijexpress.utils.SMSServiceImpl    : Authenticated user: admin@yavij.com for /api/admin/dashboard/stats
2025-12-12T01:48:27.783+05:30 DEBUG 20156 --- [yavij-express] [http-nio-8080-exec-6] com.yavijexpress.utils.SMSServiceImpl    : Authenticated user: admin@yavij.com for /api/admin/users
2025-12-12T01:48:28.641+05:30 DEBUG 20156 --- [yavij-express] [http-nio-8080-exec-5] com.yavijexpress.utils.SMSServiceImpl    : Processing request: GET /api/auth/profile
2025-12-12T01:48:28.691+05:30 DEBUG 20156 --- [yavij-express] [http-nio-8080-exec-7] com.yavijexpress.utils.SMSServiceImpl    : Processing request: GET /api/auth/profile
2025-12-12T01:49:27.174+05:30 DEBUG 20156 --- [yavij-express] [http-nio-8080-exec-1] com.yavijexpress.utils.SMSServiceImpl    : Processing request: POST /api/auth/login
2025-12-12T01:49:27.886+05:30 DEBUG 20156 --- [yavij-express] [http-nio-8080-exec-3] com.yavijexpress.utils.SMSServiceImpl    : Processing request: GET /api/trips/driver/2
2025-12-12T01:49:27.904+05:30 DEBUG 20156 --- [yavij-express] [http-nio-8080-exec-3] com.yavijexpress.utils.SMSServiceImpl    : Authenticated user: driver@test.com for /api/trips/driver/2
2025-12-12T01:49:28.129+05:30 DEBUG 20156 --- [yavij-express] [http-nio-8080-exec-6] com.yavijexpress.utils.SMSServiceImpl    : Processing request: GET /api/trips/driver/2
2025-12-12T01:49:28.166+05:30 DEBUG 20156 --- [yavij-express] [http-nio-8080-exec-6] com.yavijexpress.utils.SMSServiceImpl    : Authenticated user: driver@test.com for /api/trips/driver/2
2025-12-12T01:50:39.803+05:30 DEBUG 20156 --- [yavij-express] [http-nio-8080-exec-9] com.yavijexpress.utils.SMSServiceImpl    : Processing request: POST /api/trips
2025-12-12T01:50:39.848+05:30 DEBUG 20156 --- [yavij-express] [http-nio-8080-exec-9] com.yavijexpress.utils.SMSServiceImpl    : Authenticated user: driver@test.com for /api/trips
2025-12-12T01:51:12.263+05:30 DEBUG 20156 --- [yavij-express] [http-nio-8080-exec-8] com.yavijexpress.utils.SMSServiceImpl    : Processing request: POST /api/trips
2025-12-12T01:51:12.291+05:30 DEBUG 20156 --- [yavij-express] [http-nio-8080-exec-8] com.yavijexpress.utils.SMSServiceImpl    : Authenticated user: driver@test.com for /api/trips
2025-12-12T01:51:14.191+05:30 DEBUG 20156 --- [yavij-express] [http-nio-8080-exec-1] com.yavijexpress.utils.SMSServiceImpl    : Processing request: GET /api/auth/profile
2025-12-12T01:51:14.203+05:30 DEBUG 20156 --- [yavij-express] [http-nio-8080-exec-2] com.yavijexpress.utils.SMSServiceImpl    : Processing request: GET /api/auth/profile
